{"/Users/nidhijagadeesha/Documents/FINAL-EVALUATION/final-backend/models/index.js": {"path":"/Users/nidhijagadeesha/Documents/FINAL-EVALUATION/final-backend/models/index.js","statementMap":{"0":{"start":{"line":3,"column":16},"end":{"line":3,"column":29}},"1":{"start":{"line":4,"column":16},"end":{"line":4,"column":31}},"2":{"start":{"line":5,"column":16},"end":{"line":5,"column":36}},"3":{"start":{"line":6,"column":16},"end":{"line":6,"column":41}},"4":{"start":{"line":7,"column":16},"end":{"line":7,"column":53}},"5":{"start":{"line":8,"column":16},"end":{"line":8,"column":66}},"6":{"start":{"line":9,"column":16},"end":{"line":9,"column":18}},"7":{"start":{"line":11,"column":0},"end":{"line":15,"column":1}},"8":{"start":{"line":12,"column":18},"end":{"line":12,"column":77}},"9":{"start":{"line":14,"column":18},"end":{"line":14,"column":90}},"10":{"start":{"line":17,"column":0},"end":{"line":25,"column":5}},"11":{"start":{"line":20,"column":4},"end":{"line":20,"column":90}},"12":{"start":{"line":23,"column":16},"end":{"line":23,"column":63}},"13":{"start":{"line":24,"column":4},"end":{"line":24,"column":27}},"14":{"start":{"line":27,"column":0},"end":{"line":31,"column":3}},"15":{"start":{"line":28,"column":2},"end":{"line":30,"column":3}},"16":{"start":{"line":29,"column":4},"end":{"line":29,"column":32}},"17":{"start":{"line":33,"column":0},"end":{"line":33,"column":25}},"18":{"start":{"line":34,"column":0},"end":{"line":34,"column":25}},"19":{"start":{"line":36,"column":0},"end":{"line":36,"column":20}}},"fnMap":{"0":{"name":"(anonymous_0)","decl":{"start":{"line":19,"column":10},"end":{"line":19,"column":11}},"loc":{"start":{"line":19,"column":18},"end":{"line":21,"column":3}},"line":19},"1":{"name":"(anonymous_1)","decl":{"start":{"line":22,"column":11},"end":{"line":22,"column":12}},"loc":{"start":{"line":22,"column":19},"end":{"line":25,"column":3}},"line":22},"2":{"name":"(anonymous_2)","decl":{"start":{"line":27,"column":24},"end":{"line":27,"column":25}},"loc":{"start":{"line":27,"column":37},"end":{"line":31,"column":1}},"line":27}},"branchMap":{"0":{"loc":{"start":{"line":7,"column":16},"end":{"line":7,"column":53}},"type":"binary-expr","locations":[{"start":{"line":7,"column":16},"end":{"line":7,"column":36}},{"start":{"line":7,"column":40},"end":{"line":7,"column":53}}],"line":7},"1":{"loc":{"start":{"line":11,"column":0},"end":{"line":15,"column":1}},"type":"if","locations":[{"start":{"line":11,"column":0},"end":{"line":15,"column":1}},{"start":{"line":11,"column":0},"end":{"line":15,"column":1}}],"line":11},"2":{"loc":{"start":{"line":20,"column":11},"end":{"line":20,"column":89}},"type":"binary-expr","locations":[{"start":{"line":20,"column":12},"end":{"line":20,"column":35}},{"start":{"line":20,"column":41},"end":{"line":20,"column":58}},{"start":{"line":20,"column":64},"end":{"line":20,"column":88}}],"line":20},"3":{"loc":{"start":{"line":28,"column":2},"end":{"line":30,"column":3}},"type":"if","locations":[{"start":{"line":28,"column":2},"end":{"line":30,"column":3}},{"start":{"line":28,"column":2},"end":{"line":30,"column":3}}],"line":28}},"s":{"0":3,"1":3,"2":3,"3":3,"4":3,"5":3,"6":3,"7":3,"8":0,"9":3,"10":3,"11":12,"12":9,"13":9,"14":3,"15":9,"16":9,"17":3,"18":3,"19":3},"f":{"0":12,"1":9,"2":9},"b":{"0":[3,0],"1":[0,3],"2":[12,12,9],"3":[9,0]},"_coverageSchema":"332fd63041d2c1bcb487cc26dd0d5f7d97098a6c","hash":"00783446b56f4e1bfa3ca166f85ef2d086edc3cb"}
,"/Users/nidhijagadeesha/Documents/FINAL-EVALUATION/final-backend/models/inventory.js": {"path":"/Users/nidhijagadeesha/Documents/FINAL-EVALUATION/final-backend/models/inventory.js","statementMap":{"0":{"start":{"line":1,"column":0},"end":{"line":16,"column":2}},"1":{"start":{"line":2,"column":20},"end":{"line":11,"column":8}},"2":{"start":{"line":12,"column":2},"end":{"line":14,"column":4}},"3":{"start":{"line":15,"column":2},"end":{"line":15,"column":19}}},"fnMap":{"0":{"name":"(anonymous_0)","decl":{"start":{"line":1,"column":17},"end":{"line":1,"column":18}},"loc":{"start":{"line":1,"column":43},"end":{"line":16,"column":1}},"line":1},"1":{"name":"(anonymous_1)","decl":{"start":{"line":12,"column":24},"end":{"line":12,"column":25}},"loc":{"start":{"line":12,"column":42},"end":{"line":14,"column":3}},"line":12}},"branchMap":{},"s":{"0":3,"1":3,"2":3,"3":3},"f":{"0":3,"1":3},"b":{},"_coverageSchema":"332fd63041d2c1bcb487cc26dd0d5f7d97098a6c","hash":"b5ac9310e880f089f9664ce833447b28ab3b28b4"}
,"/Users/nidhijagadeesha/Documents/FINAL-EVALUATION/final-backend/models/order.js": {"path":"/Users/nidhijagadeesha/Documents/FINAL-EVALUATION/final-backend/models/order.js","statementMap":{"0":{"start":{"line":1,"column":0},"end":{"line":8,"column":2}},"1":{"start":{"line":2,"column":17},"end":{"line":2,"column":51}},"2":{"start":{"line":3,"column":2},"end":{"line":6,"column":4}},"3":{"start":{"line":5,"column":4},"end":{"line":5,"column":47}},"4":{"start":{"line":7,"column":2},"end":{"line":7,"column":16}}},"fnMap":{"0":{"name":"(anonymous_0)","decl":{"start":{"line":1,"column":17},"end":{"line":1,"column":18}},"loc":{"start":{"line":1,"column":43},"end":{"line":8,"column":1}},"line":1},"1":{"name":"(anonymous_1)","decl":{"start":{"line":3,"column":21},"end":{"line":3,"column":22}},"loc":{"start":{"line":3,"column":39},"end":{"line":6,"column":3}},"line":3}},"branchMap":{},"s":{"0":3,"1":3,"2":3,"3":3,"4":3},"f":{"0":3,"1":3},"b":{},"_coverageSchema":"332fd63041d2c1bcb487cc26dd0d5f7d97098a6c","hash":"b39e2ae313ba0282e43051df607c8090d9f2385b"}
,"/Users/nidhijagadeesha/Documents/FINAL-EVALUATION/final-backend/models/orderdetails.js": {"path":"/Users/nidhijagadeesha/Documents/FINAL-EVALUATION/final-backend/models/orderdetails.js","statementMap":{"0":{"start":{"line":1,"column":0},"end":{"line":12,"column":2}},"1":{"start":{"line":2,"column":23},"end":{"line":7,"column":8}},"2":{"start":{"line":8,"column":2},"end":{"line":10,"column":4}},"3":{"start":{"line":11,"column":2},"end":{"line":11,"column":22}}},"fnMap":{"0":{"name":"(anonymous_0)","decl":{"start":{"line":1,"column":17},"end":{"line":1,"column":18}},"loc":{"start":{"line":1,"column":43},"end":{"line":12,"column":1}},"line":1},"1":{"name":"(anonymous_1)","decl":{"start":{"line":8,"column":27},"end":{"line":8,"column":28}},"loc":{"start":{"line":8,"column":45},"end":{"line":10,"column":3}},"line":8}},"branchMap":{},"s":{"0":3,"1":3,"2":3,"3":3},"f":{"0":3,"1":3},"b":{},"_coverageSchema":"332fd63041d2c1bcb487cc26dd0d5f7d97098a6c","hash":"8b92a50535c3b6cd213110d7e8d62c832e18c5fa"}
,"/Users/nidhijagadeesha/Documents/FINAL-EVALUATION/final-backend/src/server.js": {"path":"/Users/nidhijagadeesha/Documents/FINAL-EVALUATION/final-backend/src/server.js","statementMap":{"0":{"start":{"line":1,"column":13},"end":{"line":1,"column":28}},"1":{"start":{"line":2,"column":15},"end":{"line":2,"column":34}},"2":{"start":{"line":4,"column":15},"end":{"line":4,"column":32}},"3":{"start":{"line":6,"column":0},"end":{"line":9,"column":3}},"4":{"start":{"line":11,"column":0},"end":{"line":11,"column":21}},"5":{"start":{"line":13,"column":0},"end":{"line":20,"column":1}},"6":{"start":{"line":14,"column":2},"end":{"line":19,"column":5}},"7":{"start":{"line":15,"column":4},"end":{"line":17,"column":5}},"8":{"start":{"line":16,"column":6},"end":{"line":16,"column":20}},"9":{"start":{"line":18,"column":4},"end":{"line":18,"column":47}},"10":{"start":{"line":21,"column":0},"end":{"line":21,"column":24}}},"fnMap":{"0":{"name":"(anonymous_0)","decl":{"start":{"line":14,"column":15},"end":{"line":14,"column":16}},"loc":{"start":{"line":14,"column":26},"end":{"line":19,"column":3}},"line":14}},"branchMap":{"0":{"loc":{"start":{"line":13,"column":0},"end":{"line":20,"column":1}},"type":"if","locations":[{"start":{"line":13,"column":0},"end":{"line":20,"column":1}},{"start":{"line":13,"column":0},"end":{"line":20,"column":1}}],"line":13},"1":{"loc":{"start":{"line":15,"column":4},"end":{"line":17,"column":5}},"type":"if","locations":[{"start":{"line":15,"column":4},"end":{"line":17,"column":5}},{"start":{"line":15,"column":4},"end":{"line":17,"column":5}}],"line":15}},"s":{"0":3,"1":3,"2":3,"3":3,"4":3,"5":3,"6":0,"7":0,"8":0,"9":0,"10":3},"f":{"0":0},"b":{"0":[0,3],"1":[0,0]},"_coverageSchema":"332fd63041d2c1bcb487cc26dd0d5f7d97098a6c","hash":"58aff4e53ea487b419f6cbe6d64dc9840de67bc6"}
,"/Users/nidhijagadeesha/Documents/FINAL-EVALUATION/final-backend/src/helpers/helper.js": {"path":"/Users/nidhijagadeesha/Documents/FINAL-EVALUATION/final-backend/src/helpers/helper.js","statementMap":{"0":{"start":{"line":1,"column":19},"end":{"line":10,"column":1}},"1":{"start":{"line":2,"column":23},"end":{"line":8,"column":8}},"2":{"start":{"line":3,"column":4},"end":{"line":5,"column":5}},"3":{"start":{"line":4,"column":6},"end":{"line":4,"column":30}},"4":{"start":{"line":6,"column":4},"end":{"line":6,"column":34}},"5":{"start":{"line":7,"column":4},"end":{"line":7,"column":15}},"6":{"start":{"line":9,"column":2},"end":{"line":9,"column":22}},"7":{"start":{"line":11,"column":0},"end":{"line":11,"column":28}}},"fnMap":{"0":{"name":"(anonymous_0)","decl":{"start":{"line":1,"column":19},"end":{"line":1,"column":20}},"loc":{"start":{"line":1,"column":34},"end":{"line":10,"column":1}},"line":1},"1":{"name":"(anonymous_1)","decl":{"start":{"line":2,"column":40},"end":{"line":2,"column":41}},"loc":{"start":{"line":2,"column":55},"end":{"line":8,"column":3}},"line":2}},"branchMap":{"0":{"loc":{"start":{"line":3,"column":4},"end":{"line":5,"column":5}},"type":"if","locations":[{"start":{"line":3,"column":4},"end":{"line":5,"column":5}},{"start":{"line":3,"column":4},"end":{"line":5,"column":5}}],"line":3}},"s":{"0":4,"1":2,"2":24,"3":6,"4":24,"5":24,"6":2,"7":4},"f":{"0":2,"1":24},"b":{"0":[6,18]},"_coverageSchema":"332fd63041d2c1bcb487cc26dd0d5f7d97098a6c","hash":"c88f2382f5509cefa9c267a29ff6d77e3dc032c2"}
,"/Users/nidhijagadeesha/Documents/FINAL-EVALUATION/final-backend/src/routes/checkout.js": {"path":"/Users/nidhijagadeesha/Documents/FINAL-EVALUATION/final-backend/src/routes/checkout.js","statementMap":{"0":{"start":{"line":1,"column":15},"end":{"line":1,"column":38}},"1":{"start":{"line":3,"column":0},"end":{"line":25,"column":2}},"2":{"start":{"line":8,"column":18},"end":{"line":8,"column":42}},"3":{"start":{"line":9,"column":19},"end":{"line":9,"column":45}},"4":{"start":{"line":10,"column":4},"end":{"line":10,"column":24}},"5":{"start":{"line":11,"column":4},"end":{"line":23,"column":5}},"6":{"start":{"line":12,"column":6},"end":{"line":22,"column":9}},"7":{"start":{"line":13,"column":25},"end":{"line":20,"column":13}},"8":{"start":{"line":15,"column":11},"end":{"line":20,"column":11}},"9":{"start":{"line":21,"column":8},"end":{"line":21,"column":72}},"10":{"start":{"line":21,"column":60},"end":{"line":21,"column":70}}},"fnMap":{"0":{"name":"(anonymous_0)","decl":{"start":{"line":7,"column":11},"end":{"line":7,"column":12}},"loc":{"start":{"line":7,"column":25},"end":{"line":24,"column":3}},"line":7},"1":{"name":"(anonymous_1)","decl":{"start":{"line":12,"column":36},"end":{"line":12,"column":37}},"loc":{"start":{"line":12,"column":45},"end":{"line":22,"column":7}},"line":12},"2":{"name":"(anonymous_2)","decl":{"start":{"line":13,"column":36},"end":{"line":13,"column":37}},"loc":{"start":{"line":15,"column":11},"end":{"line":20,"column":11}},"line":15},"3":{"name":"(anonymous_3)","decl":{"start":{"line":21,"column":54},"end":{"line":21,"column":55}},"loc":{"start":{"line":21,"column":60},"end":{"line":21,"column":70}},"line":21}},"branchMap":{"0":{"loc":{"start":{"line":11,"column":4},"end":{"line":23,"column":5}},"type":"if","locations":[{"start":{"line":11,"column":4},"end":{"line":23,"column":5}},{"start":{"line":11,"column":4},"end":{"line":23,"column":5}}],"line":11}},"s":{"0":3,"1":3,"2":0,"3":0,"4":0,"5":0,"6":0,"7":0,"8":0,"9":0,"10":0},"f":{"0":0,"1":0,"2":0,"3":0},"b":{"0":[0,0]},"_coverageSchema":"332fd63041d2c1bcb487cc26dd0d5f7d97098a6c","hash":"1f1360bab8765ad5499e2bab7b2a6aadd2446c03"}
,"/Users/nidhijagadeesha/Documents/FINAL-EVALUATION/final-backend/src/routes/index.js": {"path":"/Users/nidhijagadeesha/Documents/FINAL-EVALUATION/final-backend/src/routes/index.js","statementMap":{"0":{"start":{"line":1,"column":13},"end":{"line":1,"column":30}},"1":{"start":{"line":2,"column":18},"end":{"line":2,"column":40}},"2":{"start":{"line":3,"column":17},"end":{"line":3,"column":38}},"3":{"start":{"line":4,"column":14},"end":{"line":4,"column":32}},"4":{"start":{"line":7,"column":0},"end":{"line":8,"column":44}}},"fnMap":{},"branchMap":{},"s":{"0":3,"1":3,"2":3,"3":3,"4":3},"f":{},"b":{},"_coverageSchema":"332fd63041d2c1bcb487cc26dd0d5f7d97098a6c","hash":"687102235998bb1a073569ba8bba4cdac9fc5a6b"}
,"/Users/nidhijagadeesha/Documents/FINAL-EVALUATION/final-backend/src/routes/inventory.js": {"path":"/Users/nidhijagadeesha/Documents/FINAL-EVALUATION/final-backend/src/routes/inventory.js","statementMap":{"0":{"start":{"line":1,"column":11},"end":{"line":1,"column":37}},"1":{"start":{"line":2,"column":19},"end":{"line":2,"column":47}},"2":{"start":{"line":14,"column":15},"end":{"line":14,"column":38}},"3":{"start":{"line":16,"column":0},"end":{"line":39,"column":2}},"4":{"start":{"line":21,"column":4},"end":{"line":37,"column":7}},"5":{"start":{"line":22,"column":6},"end":{"line":36,"column":7}},"6":{"start":{"line":23,"column":8},"end":{"line":32,"column":11}},"7":{"start":{"line":27,"column":27},"end":{"line":27,"column":58}},"8":{"start":{"line":28,"column":10},"end":{"line":31,"column":13}},"9":{"start":{"line":29,"column":26},"end":{"line":29,"column":46}},"10":{"start":{"line":30,"column":12},"end":{"line":30,"column":23}},"11":{"start":{"line":34,"column":22},"end":{"line":34,"column":38}},"12":{"start":{"line":35,"column":8},"end":{"line":35,"column":19}}},"fnMap":{"0":{"name":"(anonymous_0)","decl":{"start":{"line":20,"column":11},"end":{"line":20,"column":12}},"loc":{"start":{"line":20,"column":25},"end":{"line":38,"column":3}},"line":20},"1":{"name":"(anonymous_1)","decl":{"start":{"line":21,"column":80},"end":{"line":21,"column":81}},"loc":{"start":{"line":21,"column":90},"end":{"line":37,"column":5}},"line":21},"2":{"name":"(anonymous_2)","decl":{"start":{"line":26,"column":16},"end":{"line":26,"column":17}},"loc":{"start":{"line":26,"column":31},"end":{"line":32,"column":9}},"line":26},"3":{"name":"(anonymous_3)","decl":{"start":{"line":28,"column":55},"end":{"line":28,"column":56}},"loc":{"start":{"line":28,"column":61},"end":{"line":31,"column":11}},"line":28}},"branchMap":{"0":{"loc":{"start":{"line":22,"column":6},"end":{"line":36,"column":7}},"type":"if","locations":[{"start":{"line":22,"column":6},"end":{"line":36,"column":7}},{"start":{"line":22,"column":6},"end":{"line":36,"column":7}}],"line":22}},"s":{"0":3,"1":3,"2":3,"3":3,"4":1,"5":1,"6":1,"7":1,"8":1,"9":1,"10":1,"11":0,"12":0},"f":{"0":1,"1":1,"2":1,"3":1},"b":{"0":[1,0]},"_coverageSchema":"332fd63041d2c1bcb487cc26dd0d5f7d97098a6c","hash":"49118a372b723de63e977450bbad60e67a0188bf"}
,"/Users/nidhijagadeesha/Documents/FINAL-EVALUATION/final-backend/src/routes/order.js": {"path":"/Users/nidhijagadeesha/Documents/FINAL-EVALUATION/final-backend/src/routes/order.js","statementMap":{"0":{"start":{"line":1,"column":15},"end":{"line":1,"column":38}},"1":{"start":{"line":3,"column":0},"end":{"line":18,"column":2}},"2":{"start":{"line":8,"column":4},"end":{"line":16,"column":7}},"3":{"start":{"line":15,"column":6},"end":{"line":15,"column":18}}},"fnMap":{"0":{"name":"(anonymous_0)","decl":{"start":{"line":7,"column":11},"end":{"line":7,"column":12}},"loc":{"start":{"line":7,"column":25},"end":{"line":17,"column":3}},"line":7},"1":{"name":"(anonymous_1)","decl":{"start":{"line":14,"column":12},"end":{"line":14,"column":13}},"loc":{"start":{"line":14,"column":24},"end":{"line":16,"column":5}},"line":14}},"branchMap":{},"s":{"0":3,"1":3,"2":1,"3":1},"f":{"0":1,"1":1},"b":{},"_coverageSchema":"332fd63041d2c1bcb487cc26dd0d5f7d97098a6c","hash":"5a96de586c73fd1e554ce23c2e4cbc902bd87f8d"}
}
