TN:
SF:/Users/nidhijagadeesha/Documents/FINAL-EVALUATION/final-backend/models/index.js
FN:19,(anonymous_0)
FN:22,(anonymous_1)
FN:27,(anonymous_2)
FNF:3
FNH:3
FNDA:12,(anonymous_0)
FNDA:9,(anonymous_1)
FNDA:9,(anonymous_2)
DA:3,3
DA:4,3
DA:5,3
DA:6,3
DA:7,3
DA:8,3
DA:9,3
DA:11,3
DA:12,0
DA:14,3
DA:17,3
DA:20,12
DA:23,9
DA:24,9
DA:27,3
DA:28,9
DA:29,9
DA:33,3
DA:34,3
DA:36,3
LF:20
LH:19
BRDA:7,0,0,3
BRDA:7,0,1,0
BRDA:11,1,0,0
BRDA:11,1,1,3
BRDA:20,2,0,12
BRDA:20,2,1,12
BRDA:20,2,2,9
BRDA:28,3,0,9
BRDA:28,3,1,0
BRF:9
BRH:6
end_of_record
TN:
SF:/Users/nidhijagadeesha/Documents/FINAL-EVALUATION/final-backend/models/inventory.js
FN:1,(anonymous_0)
FN:12,(anonymous_1)
FNF:2
FNH:2
FNDA:3,(anonymous_0)
FNDA:3,(anonymous_1)
DA:1,3
DA:2,3
DA:12,3
DA:15,3
LF:4
LH:4
BRF:0
BRH:0
end_of_record
TN:
SF:/Users/nidhijagadeesha/Documents/FINAL-EVALUATION/final-backend/models/order.js
FN:1,(anonymous_0)
FN:3,(anonymous_1)
FNF:2
FNH:2
FNDA:3,(anonymous_0)
FNDA:3,(anonymous_1)
DA:1,3
DA:2,3
DA:3,3
DA:5,3
DA:7,3
LF:5
LH:5
BRF:0
BRH:0
end_of_record
TN:
SF:/Users/nidhijagadeesha/Documents/FINAL-EVALUATION/final-backend/models/orderdetails.js
FN:1,(anonymous_0)
FN:8,(anonymous_1)
FNF:2
FNH:2
FNDA:3,(anonymous_0)
FNDA:3,(anonymous_1)
DA:1,3
DA:2,3
DA:8,3
DA:11,3
LF:4
LH:4
BRF:0
BRH:0
end_of_record
TN:
SF:/Users/nidhijagadeesha/Documents/FINAL-EVALUATION/final-backend/src/server.js
FN:14,(anonymous_0)
FNF:1
FNH:0
FNDA:0,(anonymous_0)
DA:1,3
DA:2,3
DA:4,3
DA:6,3
DA:11,3
DA:13,3
DA:14,0
DA:15,0
DA:16,0
DA:18,0
DA:21,3
LF:11
LH:7
BRDA:13,0,0,0
BRDA:13,0,1,3
BRDA:15,1,0,0
BRDA:15,1,1,0
BRF:4
BRH:1
end_of_record
TN:
SF:/Users/nidhijagadeesha/Documents/FINAL-EVALUATION/final-backend/src/helpers/helper.js
FN:1,(anonymous_0)
FN:2,(anonymous_1)
FNF:2
FNH:2
FNDA:2,(anonymous_0)
FNDA:24,(anonymous_1)
DA:1,4
DA:2,2
DA:3,24
DA:4,6
DA:6,24
DA:7,24
DA:9,2
DA:11,4
LF:8
LH:8
BRDA:3,0,0,6
BRDA:3,0,1,18
BRF:2
BRH:2
end_of_record
TN:
SF:/Users/nidhijagadeesha/Documents/FINAL-EVALUATION/final-backend/src/routes/checkout.js
FN:7,(anonymous_0)
FN:12,(anonymous_1)
FN:13,(anonymous_2)
FN:21,(anonymous_3)
FNF:4
FNH:0
FNDA:0,(anonymous_0)
FNDA:0,(anonymous_1)
FNDA:0,(anonymous_2)
FNDA:0,(anonymous_3)
DA:1,3
DA:3,3
DA:8,0
DA:9,0
DA:10,0
DA:11,0
DA:12,0
DA:13,0
DA:15,0
DA:21,0
LF:10
LH:2
BRDA:11,0,0,0
BRDA:11,0,1,0
BRF:2
BRH:0
end_of_record
TN:
SF:/Users/nidhijagadeesha/Documents/FINAL-EVALUATION/final-backend/src/routes/index.js
FNF:0
FNH:0
DA:1,3
DA:2,3
DA:3,3
DA:4,3
DA:7,3
LF:5
LH:5
BRF:0
BRH:0
end_of_record
TN:
SF:/Users/nidhijagadeesha/Documents/FINAL-EVALUATION/final-backend/src/routes/inventory.js
FN:20,(anonymous_0)
FN:21,(anonymous_1)
FN:26,(anonymous_2)
FN:28,(anonymous_3)
FNF:4
FNH:4
FNDA:1,(anonymous_0)
FNDA:1,(anonymous_1)
FNDA:1,(anonymous_2)
FNDA:1,(anonymous_3)
DA:1,3
DA:2,3
DA:14,3
DA:16,3
DA:21,1
DA:22,1
DA:23,1
DA:27,1
DA:28,1
DA:29,1
DA:30,1
DA:34,0
DA:35,0
LF:13
LH:11
BRDA:22,0,0,1
BRDA:22,0,1,0
BRF:2
BRH:1
end_of_record
TN:
SF:/Users/nidhijagadeesha/Documents/FINAL-EVALUATION/final-backend/src/routes/order.js
FN:7,(anonymous_0)
FN:14,(anonymous_1)
FNF:2
FNH:2
FNDA:1,(anonymous_0)
FNDA:1,(anonymous_1)
DA:1,3
DA:3,3
DA:8,1
DA:15,1
LF:4
LH:4
BRF:0
BRH:0
end_of_record
